hashcat (v5.1.0) starting...

OpenCL Platform #1: The pocl project
====================================
* Device #1: pthread-Intel(R) Core(TM) i7-4790 CPU @ 3.60GHz, 2048/5884 MB allocatable, 8MCU

Hashes: 1 digests; 1 unique digests, 1 unique salts
Bitmaps: 16 bits, 65536 entries, 0x0000ffff mask, 262144 bytes, 5/13 rotates
Rules: 1

Applicable optimizers:
* Zero-Byte
* Early-Skip
* Not-Salted
* Not-Iterated
* Single-Hash
* Single-Salt
* Raw-Hash

Minimum password length supported by kernel: 0
Maximum password length supported by kernel: 256

ATTENTION! Pure (unoptimized) OpenCL kernels selected.
This enables cracking passwords and salts > length 32 but for the price of drastically reduced performance.
If you want to switch to optimized OpenCL kernels, append -O to your commandline.

Watchdog: Hardware monitoring interface not found on your system.
Watchdog: Temperature abort trigger disabled.

* Device #1: build_opts '-cl-std=CL1.2 -I OpenCL -I /usr/share/hashcat/OpenCL -D LOCAL_MEM_TYPE=2 -D VENDOR_ID=64 -D CUDA_ARCH=0 -D AMD_ROCM=0 -D VECT_SIZE=8 -D DEVICE_TYPE=2 -D DGST_R0=0 -D DGST_R1=3 -D DGST_R2=2 -D DGST_R3=1 -D DGST_ELEM=4 -D KERN_TYPE=0 -D _unroll'
Dictionary cache built:
* Filename..: phpbb.txt
* Passwords.: 184388
* Bytes.....: 1574337
* Keyspace..: 184388
* Runtime...: 0 secs

                                                 
Session..........: hashcat
Status...........: Cracked
Hash.Type........: MD5
Hash.Target......: 3c2223212b6dde34bcf86b580bdb71d4
Time.Started.....: Mon Aug  2 10:13:55 2021 (0 secs)
Time.Estimated...: Mon Aug  2 10:13:55 2021 (0 secs)
Guess.Base.......: File (phpbb.txt)
Guess.Queue......: 1/1 (100.00%)
Speed.#1.........:   327.3 kH/s (0.47ms) @ Accel:1024 Loops:1 Thr:1 Vec:8
Recovered........: 1/1 (100.00%) Digests, 1/1 (100.00%) Salts
Progress.........: 32768/184388 (17.77%)
Rejected.........: 0/32768 (0.00%)
Restore.Point....: 24576/184388 (13.33%)
Restore.Sub.#1...: Salt:0 Amplifier:0-1 Iteration:0-1
Candidates.#1....: xebazok -> tretretre
