gpg (GnuPG) 2.2.19; Copyright (C) 2019 Free Software Foundation, Inc.
This is free software: you are free to change and redistribute it.
There is NO WARRANTY, to the extent permitted by law.

gpg: directory '/root/.gnupg' created
gpg: keybox '/root/.gnupg/pubring.kbx' created
Please select what kind of key you want:
   (1) RSA and RSA (default)
   (2) DSA and Elgamal
   (3) DSA (sign only)
   (4) RSA (sign only)
  (14) Existing key from card
Your selection? 
RSA keys may be between 1024 and 4096 bits long.
What keysize do you want? (3072) 
Requested keysize is 3072 bits
Please specify how long the key should be valid.
         0 = key does not expire
      <n>  = key expires in n days
      <n>w = key expires in n weeks
      <n>m = key expires in n months
      <n>y = key expires in n years
Key is valid for? (0) 6m
Key expires at Sat Jan 29 21:11:51 2022 +0530
Is this correct? (y/N) y

GnuPG needs to construct a user ID to identify your key.

Comment: Say Hello!
You selected this USER-ID:
    "Sudam Mahagamage (Say Hello!) <sudamtm@gmail.com>"

Change (N)ame, (C)omment, (E)mail or (O)kay/(Q)uit? o
We need to generate a lot of random bytes. It is a good idea to perform
some other action (type on the keyboard, move the mouse, utilize the
disks) during the prime generation; this gives the random number
generator a better chance to gain enough entropy.
We need to generate a lot of random bytes. It is a good idea to perform
some other action (type on the keyboard, move the mouse, utilize the
disks) during the prime generation; this gives the random number
generator a better chance to gain enough entropy.
gpg: /root/.gnupg/trustdb.gpg: trustdb created
gpg: key A775046618616482 marked as ultimately trusted
gpg: directory '/root/.gnupg/openpgp-revocs.d' created
gpg: revocation certificate stored as '/root/.gnupg/openpgp-revocs.d/F2E654C8486F6640871085BAA775046618616482.rev'
public and secret key created and signed.

pub   rsa3072 2021-08-02 [SC] [expires: 2022-01-29]
      F2E654C8486F6640871085BAA775046618616482
uid                      Sudam Mahagamage (Say Hello!) <sudamtm@gmail.com>
sub   rsa3072 2021-08-02 [E] [expires: 2022-01-29]
========================================================================================================================================
gpg --send-keys --keyserver pgp.mit.edu F2E654C8486F6640871085BAA775046618616482
gpg: sending key A775046618616482 to hkp://pgp.mit.edu



gpg --send-keys --keyserver keys.openpgp.org F2E654C8486F6640871085BAA775046618616482
gpg: sending key A775046618616482 to hkp://keys.openpgp.org
